2020-05-23 00:18:13.989  WARN 22940 --- [http-nio-8090-exec-7] o.m.s.mapper.ClassPathMapperScanner      : No MyBatis mapper was found in '[com.small.missionboard.mapper]' package. Please check your configuration.
2020-05-23 00:18:14.005  INFO 22940 --- [http-nio-8090-exec-7] .s.d.r.c.RepositoryConfigurationDelegate : Bootstrapping Spring Data Redis repositories in DEFAULT mode.
2020-05-23 00:18:14.057  INFO 22940 --- [http-nio-8090-exec-7] .s.d.r.c.RepositoryConfigurationDelegate : Finished Spring Data repository scanning in 51ms. Found 0 Redis repository interfaces.
2020-05-23 00:18:24.206 ERROR 22940 --- [http-nio-8090-exec-6] c.s.m.controller.GlobalExceptionHandler  : url: http://localhost:8090/api/user/info/get    msg: 用户未登录[com.small.missionboard.service.impl.UserServiceImpl.getOpenId(UserServiceImpl.java:112), com.small.missionboard.service.impl.UserServiceImpl.getCurrentUser(UserServiceImpl.java:102), com.small.missionboard.service.impl.UserServiceImpl$$FastClassBySpringCGLIB$$61c54555.invoke(<generated>), org.springframework.cglib.proxy.MethodProxy.invoke(MethodProxy.java:218), org.springframework.aop.framework.CglibAopProxy$DynamicAdvisedInterceptor.intercept(CglibAopProxy.java:687), com.small.missionboard.service.impl.UserServiceImpl$$EnhancerBySpringCGLIB$$ce3bf4c8.getCurrentUser(<generated>), com.small.missionboard.service.impl.UserInfoServiceImpl.getCurrentUserInfo(UserInfoServiceImpl.java:25), com.small.missionboard.controller.UserInfoController.getCurrentUserInfo(UserInfoController.java:29), sun.reflect.NativeMethodAccessorImpl.invoke0(Native Method), sun.reflect.NativeMethodAccessorImpl.invoke(NativeMethodAccessorImpl.java:62), sun.reflect.DelegatingMethodAccessorImpl.__invoke(DelegatingMethodAccessorImpl.java:43), sun.reflect.DelegatingMethodAccessorImpl.invoke(DelegatingMethodAccessorImpl.java:45009), sun.reflect.DelegatingMethodAccessorImpl.invoke(DelegatingMethodAccessorImpl.java:45012), java.lang.reflect.Method.invoke(Method.java:498), org.springframework.web.method.support.InvocableHandlerMethod.doInvoke(InvocableHandlerMethod.java:190), org.springframework.web.method.support.InvocableHandlerMethod.invokeForRequest(InvocableHandlerMethod.java:138), org.springframework.web.servlet.mvc.method.annotation.ServletInvocableHandlerMethod.invokeAndHandle(ServletInvocableHandlerMethod.java:105), org.springframework.web.servlet.mvc.method.annotation.RequestMappingHandlerAdapter.invokeHandlerMethod(RequestMappingHandlerAdapter.java:879), org.springframework.web.servlet.mvc.method.annotation.RequestMappingHandlerAdapter.handleInternal(RequestMappingHandlerAdapter.java:793), org.springframework.web.servlet.mvc.method.AbstractHandlerMethodAdapter.handle(AbstractHandlerMethodAdapter.java:87), org.springframework.web.servlet.DispatcherServlet.doDispatch(DispatcherServlet.java:1040), org.springframework.web.servlet.DispatcherServlet.doService(DispatcherServlet.java:943), org.springframework.web.servlet.FrameworkServlet.processRequest(FrameworkServlet.java:1006), org.springframework.web.servlet.FrameworkServlet.doGet(FrameworkServlet.java:898), javax.servlet.http.HttpServlet.service(HttpServlet.java:634), org.springframework.web.servlet.FrameworkServlet.service(FrameworkServlet.java:883), javax.servlet.http.HttpServlet.service(HttpServlet.java:741), org.apache.catalina.core.ApplicationFilterChain.internalDoFilter(ApplicationFilterChain.java:231), org.apache.catalina.core.ApplicationFilterChain.doFilter(ApplicationFilterChain.java:166), org.apache.tomcat.websocket.server.WsFilter.doFilter(WsFilter.java:53), org.apache.catalina.core.ApplicationFilterChain.internalDoFilter(ApplicationFilterChain.java:193), org.apache.catalina.core.ApplicationFilterChain.doFilter(ApplicationFilterChain.java:166), com.github.xiaoymin.knife4j.spring.filter.ProductionSecurityFilter.doFilter(ProductionSecurityFilter.java:53), org.apache.catalina.core.ApplicationFilterChain.internalDoFilter(ApplicationFilterChain.java:193), org.apache.catalina.core.ApplicationFilterChain.doFilter(ApplicationFilterChain.java:166), com.github.xiaoymin.knife4j.spring.filter.SecurityBasicAuthFilter.doFilter(SecurityBasicAuthFilter.java:90), org.apache.catalina.core.ApplicationFilterChain.internalDoFilter(ApplicationFilterChain.java:193), org.apache.catalina.core.ApplicationFilterChain.doFilter(ApplicationFilterChain.java:166), org.springframework.web.filter.CorsFilter.doFilterInternal(CorsFilter.java:92), org.springframework.web.filter.OncePerRequestFilter.doFilter(OncePerRequestFilter.java:119), org.apache.catalina.core.ApplicationFilterChain.internalDoFilter(ApplicationFilterChain.java:193), org.apache.catalina.core.ApplicationFilterChain.doFilter(ApplicationFilterChain.java:166), org.springframework.web.filter.RequestContextFilter.doFilterInternal(RequestContextFilter.java:100), org.springframework.web.filter.OncePerRequestFilter.doFilter(OncePerRequestFilter.java:119), org.apache.catalina.core.ApplicationFilterChain.internalDoFilter(ApplicationFilterChain.java:193), org.apache.catalina.core.ApplicationFilterChain.doFilter(ApplicationFilterChain.java:166), org.springframework.web.filter.FormContentFilter.doFilterInternal(FormContentFilter.java:93), org.springframework.web.filter.OncePerRequestFilter.doFilter(OncePerRequestFilter.java:119), org.apache.catalina.core.ApplicationFilterChain.internalDoFilter(ApplicationFilterChain.java:193), org.apache.catalina.core.ApplicationFilterChain.doFilter(ApplicationFilterChain.java:166), org.springframework.web.filter.CharacterEncodingFilter.doFilterInternal(CharacterEncodingFilter.java:201), org.springframework.web.filter.OncePerRequestFilter.doFilter(OncePerRequestFilter.java:119), org.apache.catalina.core.ApplicationFilterChain.internalDoFilter(ApplicationFilterChain.java:193), org.apache.catalina.core.ApplicationFilterChain.doFilter(ApplicationFilterChain.java:166), org.apache.catalina.core.StandardWrapperValve.invoke(StandardWrapperValve.java:202), org.apache.catalina.core.StandardContextValve.__invoke(StandardContextValve.java:96), org.apache.catalina.core.StandardContextValve.invoke(StandardContextValve.java:41002), org.apache.catalina.authenticator.AuthenticatorBase.invoke(AuthenticatorBase.java:541), org.apache.catalina.core.StandardHostValve.invoke(StandardHostValve.java:139), org.apache.catalina.valves.ErrorReportValve.invoke(ErrorReportValve.java:92), org.apache.catalina.core.StandardEngineValve.invoke(StandardEngineValve.java:74), org.apache.catalina.connector.CoyoteAdapter.service(CoyoteAdapter.java:343), org.apache.coyote.http11.Http11Processor.service(Http11Processor.java:373), org.apache.coyote.AbstractProcessorLight.process(AbstractProcessorLight.java:65), org.apache.coyote.AbstractProtocol$ConnectionHandler.process(AbstractProtocol.java:868), org.apache.tomcat.util.net.NioEndpoint$SocketProcessor.doRun(NioEndpoint.java:1594), org.apache.tomcat.util.net.SocketProcessorBase.run(SocketProcessorBase.java:49), java.util.concurrent.ThreadPoolExecutor.runWorker(ThreadPoolExecutor.java:1149), java.util.concurrent.ThreadPoolExecutor$Worker.run(ThreadPoolExecutor.java:624), org.apache.tomcat.util.threads.TaskThread$WrappingRunnable.run(TaskThread.java:61), java.lang.Thread.run(Thread.java:748)]
2020-05-23 00:18:55.438  INFO 18208 --- [main] c.s.m.MissionboardApplication            : Starting MissionboardApplication on DESKTOP-ATJR54D with PID 18208 (C:\Alex\mycode\javaweb\missionboard\target\classes started by alex in C:\Alex\mycode\javaweb\missionboard)
2020-05-23 00:18:55.441  INFO 18208 --- [main] c.s.m.MissionboardApplication            : No active profile set, falling back to default profiles: default
2020-05-23 00:18:56.999  INFO 18208 --- [main] .s.d.r.c.RepositoryConfigurationDelegate : Multiple Spring Data modules found, entering strict repository configuration mode!
2020-05-23 00:18:57.004  INFO 18208 --- [main] .s.d.r.c.RepositoryConfigurationDelegate : Bootstrapping Spring Data Redis repositories in DEFAULT mode.
2020-05-23 00:18:57.166  INFO 18208 --- [main] .s.d.r.c.RepositoryConfigurationDelegate : Finished Spring Data repository scanning in 119ms. Found 0 Redis repository interfaces.
2020-05-23 00:18:57.622  INFO 18208 --- [main] trationDelegate$BeanPostProcessorChecker : Bean 'validationConfig' of type [com.small.missionboard.config.ValidationConfig$$EnhancerBySpringCGLIB$$7cc672d3] is not eligible for getting processed by all BeanPostProcessors (for example: not eligible for auto-proxying)
2020-05-23 00:18:57.669  INFO 18208 --- [main] trationDelegate$BeanPostProcessorChecker : Bean 'validator' of type [org.hibernate.validator.internal.engine.ValidatorImpl] is not eligible for getting processed by all BeanPostProcessors (for example: not eligible for auto-proxying)
2020-05-23 00:18:58.141  INFO 18208 --- [main] o.s.b.w.embedded.tomcat.TomcatWebServer  : Tomcat initialized with port(s): 8090 (http)
2020-05-23 00:18:58.165  INFO 18208 --- [main] o.apache.catalina.core.StandardService   : Starting service [Tomcat]
2020-05-23 00:18:58.165  INFO 18208 --- [main] org.apache.catalina.core.StandardEngine  : Starting Servlet engine: [Apache Tomcat/9.0.33]
2020-05-23 00:18:58.501  INFO 18208 --- [main] o.a.c.c.C.[Tomcat].[localhost].[/]       : Initializing Spring embedded WebApplicationContext
2020-05-23 00:18:58.502  INFO 18208 --- [main] o.s.web.context.ContextLoader            : Root WebApplicationContext: initialization completed in 3003 ms
2020-05-23 00:18:59.759  INFO 18208 --- [main] pertySourcedRequestMappingHandlerMapping : Mapped URL path [/v2/api-docs] onto method [springfox.documentation.swagger2.web.Swagger2Controller#getDocumentation(String, HttpServletRequest)]
2020-05-23 00:18:59.853  INFO 18208 --- [main] o.s.s.concurrent.ThreadPoolTaskExecutor  : Initializing ExecutorService 'applicationTaskExecutor'
2020-05-23 00:19:00.328  INFO 18208 --- [main] org.quartz.impl.StdSchedulerFactory      : Using default implementation for ThreadExecutor
2020-05-23 00:19:00.343  INFO 18208 --- [main] org.quartz.core.SchedulerSignalerImpl    : Initialized Scheduler Signaller of type: class org.quartz.core.SchedulerSignalerImpl
2020-05-23 00:19:00.344  INFO 18208 --- [main] org.quartz.core.QuartzScheduler          : Quartz Scheduler v.2.3.2 created.
2020-05-23 00:19:00.345  INFO 18208 --- [main] org.quartz.simpl.RAMJobStore             : RAMJobStore initialized.
2020-05-23 00:19:00.347  INFO 18208 --- [main] org.quartz.core.QuartzScheduler          : Scheduler meta-data: Quartz Scheduler (v2.3.2) 'quartzScheduler' with instanceId 'NON_CLUSTERED'
  Scheduler class: 'org.quartz.core.QuartzScheduler' - running locally.
  NOT STARTED.
  Currently in standby mode.
  Number of jobs executed: 0
  Using thread pool 'org.quartz.simpl.SimpleThreadPool' - with 10 threads.
  Using job-store 'org.quartz.simpl.RAMJobStore' - which does not support persistence. and is not clustered.

2020-05-23 00:19:00.347  INFO 18208 --- [main] org.quartz.impl.StdSchedulerFactory      : Quartz scheduler 'quartzScheduler' initialized from an externally provided properties instance.
2020-05-23 00:19:00.348  INFO 18208 --- [main] org.quartz.impl.StdSchedulerFactory      : Quartz scheduler version: 2.3.2
2020-05-23 00:19:00.348  INFO 18208 --- [main] org.quartz.core.QuartzScheduler          : JobFactory set to: org.springframework.scheduling.quartz.SpringBeanJobFactory@53da2aec
2020-05-23 00:19:00.408  INFO 18208 --- [main] d.s.w.p.DocumentationPluginsBootstrapper : Context refreshed
2020-05-23 00:19:00.434  INFO 18208 --- [main] d.s.w.p.DocumentationPluginsBootstrapper : Found 1 custom documentation plugin(s)
2020-05-23 00:19:00.472  INFO 18208 --- [main] s.d.s.w.s.ApiListingReferenceScanner     : Scanning for api listing references
2020-05-23 00:19:00.775  WARN 18208 --- [main] s.d.s.w.r.p.ParameterDataTypeReader      : Trying to infer dataType com.small.missionboard.enums.TaskQueryMethodEnum
2020-05-23 00:19:00.781  WARN 18208 --- [main] s.d.s.w.r.p.ParameterDataTypeReader      : Trying to infer dataType com.small.missionboard.enums.TaskSortMethodEnum
2020-05-23 00:19:00.786  WARN 18208 --- [main] s.d.s.w.r.p.ParameterDataTypeReader      : Trying to infer dataType com.small.missionboard.enums.TaskSortMethodEnum
2020-05-23 00:19:00.790  WARN 18208 --- [main] s.d.s.w.r.p.ParameterDataTypeReader      : Trying to infer dataType com.small.missionboard.enums.TaskSortMethodEnum
2020-05-23 00:19:00.793  WARN 18208 --- [main] s.d.s.w.r.p.ParameterDataTypeReader      : Trying to infer dataType com.small.missionboard.enums.TaskSortMethodEnum
2020-05-23 00:19:00.871  INFO 18208 --- [main] o.s.s.quartz.SchedulerFactoryBean        : Starting Quartz Scheduler now
2020-05-23 00:19:00.871  INFO 18208 --- [main] org.quartz.core.QuartzScheduler          : Scheduler quartzScheduler_$_NON_CLUSTERED started.
2020-05-23 00:19:00.930  INFO 18208 --- [main] o.s.b.w.embedded.tomcat.TomcatWebServer  : Tomcat started on port(s): 8090 (http) with context path ''
2020-05-23 00:19:00.937  INFO 18208 --- [main] c.s.m.MissionboardApplication            : Started MissionboardApplication in 6.397 seconds (JVM running for 10.469)
2020-05-23 00:19:16.498  INFO 18208 --- [http-nio-8090-exec-1] o.a.c.c.C.[Tomcat].[localhost].[/]       : Initializing Spring DispatcherServlet 'dispatcherServlet'
2020-05-23 00:19:16.499  INFO 18208 --- [http-nio-8090-exec-1] o.s.web.servlet.DispatcherServlet        : Initializing Servlet 'dispatcherServlet'
2020-05-23 00:19:16.509  INFO 18208 --- [http-nio-8090-exec-1] o.s.web.servlet.DispatcherServlet        : Completed initialization in 9 ms
2020-05-23 00:19:20.632  INFO 18208 --- [http-nio-8090-exec-4] com.zaxxer.hikari.HikariDataSource       : HikariPool-1 - Starting...
2020-05-23 00:19:21.103  INFO 18208 --- [http-nio-8090-exec-4] com.zaxxer.hikari.HikariDataSource       : HikariPool-1 - Start completed.
2020-05-23 00:26:34.100  INFO 22104 --- [main] c.s.m.controller.TaskControllerTest      : Starting TaskControllerTest on DESKTOP-ATJR54D with PID 22104 (started by alex in C:\Alex\mycode\javaweb\missionboard)
2020-05-23 00:26:34.102  INFO 22104 --- [main] c.s.m.controller.TaskControllerTest      : No active profile set, falling back to default profiles: default
2020-05-23 00:26:35.201  INFO 22104 --- [main] .s.d.r.c.RepositoryConfigurationDelegate : Multiple Spring Data modules found, entering strict repository configuration mode!
2020-05-23 00:26:35.204  INFO 22104 --- [main] .s.d.r.c.RepositoryConfigurationDelegate : Bootstrapping Spring Data Redis repositories in DEFAULT mode.
2020-05-23 00:26:35.275  INFO 22104 --- [main] .s.d.r.c.RepositoryConfigurationDelegate : Finished Spring Data repository scanning in 55ms. Found 0 Redis repository interfaces.
2020-05-23 00:26:35.670  INFO 22104 --- [main] trationDelegate$BeanPostProcessorChecker : Bean 'validationConfig' of type [com.small.missionboard.config.ValidationConfig$$EnhancerBySpringCGLIB$$cb3e926d] is not eligible for getting processed by all BeanPostProcessors (for example: not eligible for auto-proxying)
2020-05-23 00:26:35.697  INFO 22104 --- [main] trationDelegate$BeanPostProcessorChecker : Bean 'validator' of type [org.hibernate.validator.internal.engine.ValidatorImpl] is not eligible for getting processed by all BeanPostProcessors (for example: not eligible for auto-proxying)
2020-05-23 00:26:37.162  INFO 22104 --- [main] pertySourcedRequestMappingHandlerMapping : Mapped URL path [/v2/api-docs] onto method [springfox.documentation.swagger2.web.Swagger2Controller#getDocumentation(String, HttpServletRequest)]
2020-05-23 00:26:37.505  INFO 22104 --- [main] o.s.s.concurrent.ThreadPoolTaskExecutor  : Initializing ExecutorService 'applicationTaskExecutor'
2020-05-23 00:26:38.134  INFO 22104 --- [main] org.quartz.impl.StdSchedulerFactory      : Using default implementation for ThreadExecutor
2020-05-23 00:26:38.150  INFO 22104 --- [main] org.quartz.core.SchedulerSignalerImpl    : Initialized Scheduler Signaller of type: class org.quartz.core.SchedulerSignalerImpl
2020-05-23 00:26:38.150  INFO 22104 --- [main] org.quartz.core.QuartzScheduler          : Quartz Scheduler v.2.3.2 created.
2020-05-23 00:26:38.151  INFO 22104 --- [main] org.quartz.simpl.RAMJobStore             : RAMJobStore initialized.
2020-05-23 00:26:38.153  INFO 22104 --- [main] org.quartz.core.QuartzScheduler          : Scheduler meta-data: Quartz Scheduler (v2.3.2) 'quartzScheduler' with instanceId 'NON_CLUSTERED'
  Scheduler class: 'org.quartz.core.QuartzScheduler' - running locally.
  NOT STARTED.
  Currently in standby mode.
  Number of jobs executed: 0
  Using thread pool 'org.quartz.simpl.SimpleThreadPool' - with 10 threads.
  Using job-store 'org.quartz.simpl.RAMJobStore' - which does not support persistence. and is not clustered.

2020-05-23 00:26:38.153  INFO 22104 --- [main] org.quartz.impl.StdSchedulerFactory      : Quartz scheduler 'quartzScheduler' initialized from an externally provided properties instance.
2020-05-23 00:26:38.153  INFO 22104 --- [main] org.quartz.impl.StdSchedulerFactory      : Quartz scheduler version: 2.3.2
2020-05-23 00:26:38.153  INFO 22104 --- [main] org.quartz.core.QuartzScheduler          : JobFactory set to: org.springframework.scheduling.quartz.SpringBeanJobFactory@76396509
2020-05-23 00:26:38.226  INFO 22104 --- [main] d.s.w.p.DocumentationPluginsBootstrapper : Context refreshed
2020-05-23 00:26:38.258  INFO 22104 --- [main] d.s.w.p.DocumentationPluginsBootstrapper : Found 1 custom documentation plugin(s)
2020-05-23 00:26:38.302  INFO 22104 --- [main] s.d.s.w.s.ApiListingReferenceScanner     : Scanning for api listing references
2020-05-23 00:26:38.541  WARN 22104 --- [main] s.d.s.w.r.p.ParameterDataTypeReader      : Trying to infer dataType com.small.missionboard.enums.TaskQueryMethodEnum
2020-05-23 00:26:38.547  WARN 22104 --- [main] s.d.s.w.r.p.ParameterDataTypeReader      : Trying to infer dataType com.small.missionboard.enums.TaskSortMethodEnum
2020-05-23 00:26:38.553  WARN 22104 --- [main] s.d.s.w.r.p.ParameterDataTypeReader      : Trying to infer dataType com.small.missionboard.enums.TaskSortMethodEnum
2020-05-23 00:26:38.555  WARN 22104 --- [main] s.d.s.w.r.p.ParameterDataTypeReader      : Trying to infer dataType com.small.missionboard.enums.TaskSortMethodEnum
2020-05-23 00:26:38.559  WARN 22104 --- [main] s.d.s.w.r.p.ParameterDataTypeReader      : Trying to infer dataType com.small.missionboard.enums.TaskSortMethodEnum
2020-05-23 00:26:38.605  INFO 22104 --- [main] o.s.s.quartz.SchedulerFactoryBean        : Starting Quartz Scheduler now
2020-05-23 00:26:38.605  INFO 22104 --- [main] org.quartz.core.QuartzScheduler          : Scheduler quartzScheduler_$_NON_CLUSTERED started.
2020-05-23 00:26:38.614  INFO 22104 --- [main] c.s.m.controller.TaskControllerTest      : Started TaskControllerTest in 4.822 seconds (JVM running for 6.039)
2020-05-23 00:26:38.850  INFO 22104 --- [main] o.s.b.t.m.w.SpringBootMockServletContext : Initializing Spring TestDispatcherServlet ''
2020-05-23 00:26:38.851  INFO 22104 --- [main] o.s.t.web.servlet.TestDispatcherServlet  : Initializing Servlet ''
2020-05-23 00:26:38.869  INFO 22104 --- [main] o.s.t.web.servlet.TestDispatcherServlet  : Completed initialization in 18 ms
2020-05-23 00:26:38.890  INFO 22104 --- [main] o.s.b.t.m.w.SpringBootMockServletContext : Initializing Spring TestDispatcherServlet ''
2020-05-23 00:26:38.891  INFO 22104 --- [main] o.s.t.web.servlet.TestDispatcherServlet  : Initializing Servlet ''
2020-05-23 00:26:38.893  INFO 22104 --- [main] o.s.t.web.servlet.TestDispatcherServlet  : Completed initialization in 2 ms
2020-05-23 00:26:38.981  INFO 22104 --- [main] com.zaxxer.hikari.HikariDataSource       : HikariPool-1 - Starting...
2020-05-23 00:26:39.537  INFO 22104 --- [main] com.zaxxer.hikari.HikariDataSource       : HikariPool-1 - Start completed.
2020-05-23 00:26:39.623 ERROR 22104 --- [main] c.s.m.controller.GlobalExceptionHandler  : url: http://localhost:8090/api/task/info/get    msg: [com.small.missionboard.service.impl.TaskServiceImpl.updateStatusByTime(TaskServiceImpl.java:182), com.small.missionboard.service.impl.TaskServiceImpl.getInfo(TaskServiceImpl.java:49), com.small.missionboard.service.impl.TaskServiceImpl$$FastClassBySpringCGLIB$$fba0835b.invoke(<generated>), org.springframework.cglib.proxy.MethodProxy.invoke(MethodProxy.java:218), org.springframework.aop.framework.CglibAopProxy$DynamicAdvisedInterceptor.intercept(CglibAopProxy.java:687), com.small.missionboard.service.impl.TaskServiceImpl$$EnhancerBySpringCGLIB$$199345e3.getInfo(<generated>), com.small.missionboard.controller.TaskController.getInfo(TaskController.java:27), sun.reflect.NativeMethodAccessorImpl.invoke0(Native Method), sun.reflect.NativeMethodAccessorImpl.invoke(NativeMethodAccessorImpl.java:62), sun.reflect.DelegatingMethodAccessorImpl.invoke(DelegatingMethodAccessorImpl.java:43), java.lang.reflect.Method.invoke(Method.java:498), org.springframework.web.method.support.InvocableHandlerMethod.doInvoke(InvocableHandlerMethod.java:190), org.springframework.web.method.support.InvocableHandlerMethod.invokeForRequest(InvocableHandlerMethod.java:138), org.springframework.web.servlet.mvc.method.annotation.ServletInvocableHandlerMethod.invokeAndHandle(ServletInvocableHandlerMethod.java:105), org.springframework.web.servlet.mvc.method.annotation.RequestMappingHandlerAdapter.invokeHandlerMethod(RequestMappingHandlerAdapter.java:879), org.springframework.web.servlet.mvc.method.annotation.RequestMappingHandlerAdapter.handleInternal(RequestMappingHandlerAdapter.java:793), org.springframework.web.servlet.mvc.method.AbstractHandlerMethodAdapter.handle(AbstractHandlerMethodAdapter.java:87), org.springframework.web.servlet.DispatcherServlet.doDispatch(DispatcherServlet.java:1040), org.springframework.web.servlet.DispatcherServlet.doService(DispatcherServlet.java:943), org.springframework.web.servlet.FrameworkServlet.processRequest(FrameworkServlet.java:1006), org.springframework.web.servlet.FrameworkServlet.doGet(FrameworkServlet.java:898), javax.servlet.http.HttpServlet.service(HttpServlet.java:634), org.springframework.web.servlet.FrameworkServlet.service(FrameworkServlet.java:883), org.springframework.test.web.servlet.TestDispatcherServlet.service(TestDispatcherServlet.java:72), javax.servlet.http.HttpServlet.service(HttpServlet.java:741), org.springframework.mock.web.MockFilterChain$ServletFilterProxy.doFilter(MockFilterChain.java:167), org.springframework.mock.web.MockFilterChain.doFilter(MockFilterChain.java:134), org.springframework.test.web.servlet.MockMvc.perform(MockMvc.java:183), com.small.missionboard.controller.TaskControllerTest.getInfo(TaskControllerTest.java:33), sun.reflect.NativeMethodAccessorImpl.invoke0(Native Method), sun.reflect.NativeMethodAccessorImpl.invoke(NativeMethodAccessorImpl.java:62), sun.reflect.DelegatingMethodAccessorImpl.invoke(DelegatingMethodAccessorImpl.java:43), java.lang.reflect.Method.invoke(Method.java:498), org.junit.platform.commons.util.ReflectionUtils.invokeMethod(ReflectionUtils.java:675), org.junit.jupiter.engine.execution.MethodInvocation.proceed(MethodInvocation.java:60), org.junit.jupiter.engine.execution.InvocationInterceptorChain$ValidatingInvocation.proceed(InvocationInterceptorChain.java:125), org.junit.jupiter.engine.extension.TimeoutExtension.intercept(TimeoutExtension.java:132), org.junit.jupiter.engine.extension.TimeoutExtension.interceptTestableMethod(TimeoutExtension.java:124), org.junit.jupiter.engine.extension.TimeoutExtension.interceptTestMethod(TimeoutExtension.java:74), org.junit.jupiter.engine.execution.ExecutableInvoker$ReflectiveInterceptorCall.lambda$ofVoidMethod$0(ExecutableInvoker.java:115), org.junit.jupiter.engine.execution.ExecutableInvoker.lambda$invoke$0(ExecutableInvoker.java:105), org.junit.jupiter.engine.execution.InvocationInterceptorChain$InterceptedInvocation.proceed(InvocationInterceptorChain.java:104), org.junit.jupiter.engine.execution.InvocationInterceptorChain.proceed(InvocationInterceptorChain.java:62), org.junit.jupiter.engine.execution.InvocationInterceptorChain.chainAndInvoke(InvocationInterceptorChain.java:43), org.junit.jupiter.engine.execution.InvocationInterceptorChain.invoke(InvocationInterceptorChain.java:35), org.junit.jupiter.engine.execution.ExecutableInvoker.invoke(ExecutableInvoker.java:104), org.junit.jupiter.engine.execution.ExecutableInvoker.invoke(ExecutableInvoker.java:98), org.junit.jupiter.engine.descriptor.TestMethodTestDescriptor.lambda$invokeTestMethod$6(TestMethodTestDescriptor.java:202), org.junit.platform.engine.support.hierarchical.ThrowableCollector.execute(ThrowableCollector.java:73), org.junit.jupiter.engine.descriptor.TestMethodTestDescriptor.invokeTestMethod(TestMethodTestDescriptor.java:198), org.junit.jupiter.engine.descriptor.TestMethodTestDescriptor.execute(TestMethodTestDescriptor.java:135), org.junit.jupiter.engine.descriptor.TestMethodTestDescriptor.execute(TestMethodTestDescriptor.java:69), org.junit.platform.engine.support.hierarchical.NodeTestTask.lambda$executeRecursively$5(NodeTestTask.java:135), org.junit.platform.engine.support.hierarchical.ThrowableCollector.execute(ThrowableCollector.java:73), org.junit.platform.engine.support.hierarchical.NodeTestTask.lambda$executeRecursively$7(NodeTestTask.java:125), org.junit.platform.engine.support.hierarchical.Node.around(Node.java:135), org.junit.platform.engine.support.hierarchical.NodeTestTask.lambda$executeRecursively$8(NodeTestTask.java:123), org.junit.platform.engine.support.hierarchical.ThrowableCollector.execute(ThrowableCollector.java:73), org.junit.platform.engine.support.hierarchical.NodeTestTask.executeRecursively(NodeTestTask.java:122), org.junit.platform.engine.support.hierarchical.NodeTestTask.execute(NodeTestTask.java:80), java.util.ArrayList.forEach(ArrayList.java:1257), org.junit.platform.engine.support.hierarchical.SameThreadHierarchicalTestExecutorService.invokeAll(SameThreadHierarchicalTestExecutorService.java:38), org.junit.platform.engine.support.hierarchical.NodeTestTask.lambda$executeRecursively$5(NodeTestTask.java:139), org.junit.platform.engine.support.hierarchical.ThrowableCollector.execute(ThrowableCollector.java:73), org.junit.platform.engine.support.hierarchical.NodeTestTask.lambda$executeRecursively$7(NodeTestTask.java:125), org.junit.platform.engine.support.hierarchical.Node.around(Node.java:135), org.junit.platform.engine.support.hierarchical.NodeTestTask.lambda$executeRecursively$8(NodeTestTask.java:123), org.junit.platform.engine.support.hierarchical.ThrowableCollector.execute(ThrowableCollector.java:73), org.junit.platform.engine.support.hierarchical.NodeTestTask.executeRecursively(NodeTestTask.java:122), org.junit.platform.engine.support.hierarchical.NodeTestTask.execute(NodeTestTask.java:80), java.util.ArrayList.forEach(ArrayList.java:1257), org.junit.platform.engine.support.hierarchical.SameThreadHierarchicalTestExecutorService.invokeAll(SameThreadHierarchicalTestExecutorService.java:38), org.junit.platform.engine.support.hierarchical.NodeTestTask.lambda$executeRecursively$5(NodeTestTask.java:139), org.junit.platform.engine.support.hierarchical.ThrowableCollector.execute(ThrowableCollector.java:73), org.junit.platform.engine.support.hierarchical.NodeTestTask.lambda$executeRecursively$7(NodeTestTask.java:125), org.junit.platform.engine.support.hierarchical.Node.around(Node.java:135), org.junit.platform.engine.support.hierarchical.NodeTestTask.lambda$executeRecursively$8(NodeTestTask.java:123), org.junit.platform.engine.support.hierarchical.ThrowableCollector.execute(ThrowableCollector.java:73), org.junit.platform.engine.support.hierarchical.NodeTestTask.executeRecursively(NodeTestTask.java:122), org.junit.platform.engine.support.hierarchical.NodeTestTask.execute(NodeTestTask.java:80), org.junit.platform.engine.support.hierarchical.SameThreadHierarchicalTestExecutorService.submit(SameThreadHierarchicalTestExecutorService.java:32), org.junit.platform.engine.support.hierarchical.HierarchicalTestExecutor.execute(HierarchicalTestExecutor.java:57), org.junit.platform.engine.support.hierarchical.HierarchicalTestEngine.execute(HierarchicalTestEngine.java:51), org.junit.platform.launcher.core.DefaultLauncher.execute(DefaultLauncher.java:220), org.junit.platform.launcher.core.DefaultLauncher.lambda$execute$6(DefaultLauncher.java:188), org.junit.platform.launcher.core.DefaultLauncher.withInterceptedStreams(DefaultLauncher.java:202), org.junit.platform.launcher.core.DefaultLauncher.execute(DefaultLauncher.java:181), org.junit.platform.launcher.core.DefaultLauncher.execute(DefaultLauncher.java:128), org.apache.maven.surefire.junitplatform.JUnitPlatformProvider.invokeAllTests(JUnitPlatformProvider.java:150), org.apache.maven.surefire.junitplatform.JUnitPlatformProvider.invoke(JUnitPlatformProvider.java:124), org.apache.maven.surefire.booter.ForkedBooter.invokeProviderInSameClassLoader(ForkedBooter.java:384), org.apache.maven.surefire.booter.ForkedBooter.runSuitesInProcess(ForkedBooter.java:345), org.apache.maven.surefire.booter.ForkedBooter.execute(ForkedBooter.java:126), org.apache.maven.surefire.booter.ForkedBooter.main(ForkedBooter.java:418)]
2020-05-23 00:26:39.672  INFO 22104 --- [main] .b.t.c.SpringBootTestContextBootstrapper : Neither @ContextConfiguration nor @ContextHierarchy found for test class [com.small.missionboard.controller.TestControllerTest], using SpringBootContextLoader
2020-05-23 00:26:39.673  INFO 22104 --- [main] o.s.t.c.support.AbstractContextLoader    : Could not detect default resource locations for test class [com.small.missionboard.controller.TestControllerTest]: no resource found for suffixes {-context.xml, Context.groovy}.
2020-05-23 00:26:39.673  INFO 22104 --- [main] t.c.s.AnnotationConfigContextLoaderUtils : Could not detect default configuration classes for test class [com.small.missionboard.controller.TestControllerTest]: TestControllerTest does not declare any static, non-private, non-final, nested classes annotated with @Configuration.
2020-05-23 00:26:39.682  INFO 22104 --- [main] .b.t.c.SpringBootTestContextBootstrapper : Found @SpringBootConfiguration com.small.missionboard.MissionboardApplication for test class com.small.missionboard.controller.TestControllerTest
2020-05-23 00:26:39.684  INFO 22104 --- [main] .b.t.c.SpringBootTestContextBootstrapper : Loaded default TestExecutionListener class names from location [META-INF/spring.factories]: [org.springframework.boot.test.mock.mockito.MockitoTestExecutionListener, org.springframework.boot.test.mock.mockito.ResetMocksTestExecutionListener, org.springframework.boot.test.autoconfigure.restdocs.RestDocsTestExecutionListener, org.springframework.boot.test.autoconfigure.web.client.MockRestServiceServerResetTestExecutionListener, org.springframework.boot.test.autoconfigure.web.servlet.MockMvcPrintOnlyOnFailureTestExecutionListener, org.springframework.boot.test.autoconfigure.web.servlet.WebDriverTestExecutionListener, org.springframework.test.context.web.ServletTestExecutionListener, org.springframework.test.context.support.DirtiesContextBeforeModesTestExecutionListener, org.springframework.test.context.support.DependencyInjectionTestExecutionListener, org.springframework.test.context.support.DirtiesContextTestExecutionListener, org.springframework.test.context.transaction.TransactionalTestExecutionListener, org.springframework.test.context.jdbc.SqlScriptsTestExecutionListener, org.springframework.test.context.event.EventPublishingTestExecutionListener]
2020-05-23 00:26:39.684  INFO 22104 --- [main] .b.t.c.SpringBootTestContextBootstrapper : Using TestExecutionListeners: [org.springframework.test.context.web.ServletTestExecutionListener@377dbc50, org.springframework.test.context.support.DirtiesContextBeforeModesTestExecutionListener@531ec2ca, org.springframework.boot.test.mock.mockito.MockitoTestExecutionListener@70884875, org.springframework.boot.test.autoconfigure.SpringBootDependencyInjectionTestExecutionListener@7019d619, org.springframework.test.context.support.DirtiesContextTestExecutionListener@2a5c6b76, org.springframework.test.context.transaction.TransactionalTestExecutionListener@ff1f465, org.springframework.test.context.jdbc.SqlScriptsTestExecutionListener@3d88ce0e, org.springframework.test.context.event.EventPublishingTestExecutionListener@31f7eb8, org.springframework.boot.test.mock.mockito.ResetMocksTestExecutionListener@4ad1a276, org.springframework.boot.test.autoconfigure.restdocs.RestDocsTestExecutionListener@4a833595, org.springframework.boot.test.autoconfigure.web.client.MockRestServiceServerResetTestExecutionListener@31006a75, org.springframework.boot.test.autoconfigure.web.servlet.MockMvcPrintOnlyOnFailureTestExecutionListener@49122853, org.springframework.boot.test.autoconfigure.web.servlet.WebDriverTestExecutionListener@e97f115]
2020-05-23 00:26:39.729  INFO 22104 --- [main] c.s.m.controller.TestControllerTest      : Starting TestControllerTest on DESKTOP-ATJR54D with PID 22104 (started by alex in C:\Alex\mycode\javaweb\missionboard)
2020-05-23 00:26:39.730  INFO 22104 --- [main] c.s.m.controller.TestControllerTest      : No active profile set, falling back to default profiles: default
2020-05-23 00:26:40.242  INFO 22104 --- [main] .s.d.r.c.RepositoryConfigurationDelegate : Multiple Spring Data modules found, entering strict repository configuration mode!
2020-05-23 00:26:40.242  INFO 22104 --- [main] .s.d.r.c.RepositoryConfigurationDelegate : Bootstrapping Spring Data Redis repositories in DEFAULT mode.
2020-05-23 00:26:40.283  INFO 22104 --- [main] .s.d.r.c.RepositoryConfigurationDelegate : Finished Spring Data repository scanning in 40ms. Found 0 Redis repository interfaces.
2020-05-23 00:26:40.825  INFO 22104 --- [main] trationDelegate$BeanPostProcessorChecker : Bean 'validationConfig' of type [com.small.missionboard.config.ValidationConfig$$EnhancerBySpringCGLIB$$cb3e926d] is not eligible for getting processed by all BeanPostProcessors (for example: not eligible for auto-proxying)
2020-05-23 00:26:40.839  INFO 22104 --- [main] trationDelegate$BeanPostProcessorChecker : Bean 'validator' of type [org.hibernate.validator.internal.engine.ValidatorImpl] is not eligible for getting processed by all BeanPostProcessors (for example: not eligible for auto-proxying)
2020-05-23 00:26:41.552  INFO 22104 --- [main] pertySourcedRequestMappingHandlerMapping : Mapped URL path [/v2/api-docs] onto method [springfox.documentation.swagger2.web.Swagger2Controller#getDocumentation(String, HttpServletRequest)]
2020-05-23 00:26:41.706  INFO 22104 --- [main] o.s.s.concurrent.ThreadPoolTaskExecutor  : Initializing ExecutorService 'applicationTaskExecutor'
2020-05-23 00:26:41.999  INFO 22104 --- [main] org.quartz.impl.StdSchedulerFactory      : Using default implementation for ThreadExecutor
2020-05-23 00:26:42.000  INFO 22104 --- [main] org.quartz.core.SchedulerSignalerImpl    : Initialized Scheduler Signaller of type: class org.quartz.core.SchedulerSignalerImpl
2020-05-23 00:26:42.000  INFO 22104 --- [main] org.quartz.core.QuartzScheduler          : Quartz Scheduler v.2.3.2 created.
2020-05-23 00:26:42.000  INFO 22104 --- [main] org.quartz.simpl.RAMJobStore             : RAMJobStore initialized.
2020-05-23 00:26:42.001  INFO 22104 --- [main] org.quartz.core.QuartzScheduler          : Scheduler meta-data: Quartz Scheduler (v2.3.2) 'quartzScheduler' with instanceId 'NON_CLUSTERED'
  Scheduler class: 'org.quartz.core.QuartzScheduler' - running locally.
  NOT STARTED.
  Currently in standby mode.
  Number of jobs executed: 0
  Using thread pool 'org.quartz.simpl.SimpleThreadPool' - with 10 threads.
  Using job-store 'org.quartz.simpl.RAMJobStore' - which does not support persistence. and is not clustered.

2020-05-23 00:26:42.001  INFO 22104 --- [main] org.quartz.impl.StdSchedulerFactory      : Quartz scheduler 'quartzScheduler' initialized from an externally provided properties instance.
2020-05-23 00:26:42.001  INFO 22104 --- [main] org.quartz.impl.StdSchedulerFactory      : Quartz scheduler version: 2.3.2
2020-05-23 00:26:42.001  INFO 22104 --- [main] org.quartz.core.QuartzScheduler          : JobFactory set to: org.springframework.scheduling.quartz.SpringBeanJobFactory@6068cda1
2020-05-23 00:26:42.062  INFO 22104 --- [main] o.s.b.t.m.w.SpringBootMockServletContext : Initializing Spring TestDispatcherServlet ''
2020-05-23 00:26:42.062  INFO 22104 --- [main] o.s.t.web.servlet.TestDispatcherServlet  : Initializing Servlet ''
2020-05-23 00:26:42.064  INFO 22104 --- [main] o.s.t.web.servlet.TestDispatcherServlet  : Completed initialization in 1 ms
2020-05-23 00:26:42.072  INFO 22104 --- [main] d.s.w.p.DocumentationPluginsBootstrapper : Context refreshed
2020-05-23 00:26:42.073  INFO 22104 --- [main] d.s.w.p.DocumentationPluginsBootstrapper : Found 1 custom documentation plugin(s)
2020-05-23 00:26:42.077  INFO 22104 --- [main] s.d.s.w.s.ApiListingReferenceScanner     : Scanning for api listing references
2020-05-23 00:26:42.106  WARN 22104 --- [main] s.d.s.w.r.p.ParameterDataTypeReader      : Trying to infer dataType com.small.missionboard.enums.TaskQueryMethodEnum
2020-05-23 00:26:42.108  WARN 22104 --- [main] s.d.s.w.r.p.ParameterDataTypeReader      : Trying to infer dataType com.small.missionboard.enums.TaskSortMethodEnum
2020-05-23 00:26:42.110  WARN 22104 --- [main] s.d.s.w.r.p.ParameterDataTypeReader      : Trying to infer dataType com.small.missionboard.enums.TaskSortMethodEnum
2020-05-23 00:26:42.112  WARN 22104 --- [main] s.d.s.w.r.p.ParameterDataTypeReader      : Trying to infer dataType com.small.missionboard.enums.TaskSortMethodEnum
2020-05-23 00:26:42.115  WARN 22104 --- [main] s.d.s.w.r.p.ParameterDataTypeReader      : Trying to infer dataType com.small.missionboard.enums.TaskSortMethodEnum
2020-05-23 00:26:42.135  INFO 22104 --- [main] o.s.s.quartz.SchedulerFactoryBean        : Starting Quartz Scheduler now
2020-05-23 00:26:42.135  INFO 22104 --- [main] org.quartz.core.QuartzScheduler          : Scheduler quartzScheduler_$_NON_CLUSTERED started.
2020-05-23 00:26:42.138  INFO 22104 --- [main] c.s.m.controller.TestControllerTest      : Started TestControllerTest in 2.451 seconds (JVM running for 9.562)
2020-05-23 00:26:42.150  INFO 22104 --- [main] .b.t.c.SpringBootTestContextBootstrapper : Neither @ContextConfiguration nor @ContextHierarchy found for test class [com.small.missionboard.mapper.TaskMapperTest], using SpringBootContextLoader
2020-05-23 00:26:42.151  INFO 22104 --- [main] o.s.t.c.support.AbstractContextLoader    : Could not detect default resource locations for test class [com.small.missionboard.mapper.TaskMapperTest]: no resource found for suffixes {-context.xml, Context.groovy}.
2020-05-23 00:26:42.151  INFO 22104 --- [main] t.c.s.AnnotationConfigContextLoaderUtils : Could not detect default configuration classes for test class [com.small.missionboard.mapper.TaskMapperTest]: TaskMapperTest does not declare any static, non-private, non-final, nested classes annotated with @Configuration.
2020-05-23 00:26:42.166  INFO 22104 --- [main] .b.t.c.SpringBootTestContextBootstrapper : Found @SpringBootConfiguration com.small.missionboard.MissionboardApplication for test class com.small.missionboard.mapper.TaskMapperTest
2020-05-23 00:26:42.168  INFO 22104 --- [main] .b.t.c.SpringBootTestContextBootstrapper : Loaded default TestExecutionListener class names from location [META-INF/spring.factories]: [org.springframework.boot.test.mock.mockito.MockitoTestExecutionListener, org.springframework.boot.test.mock.mockito.ResetMocksTestExecutionListener, org.springframework.boot.test.autoconfigure.restdocs.RestDocsTestExecutionListener, org.springframework.boot.test.autoconfigure.web.client.MockRestServiceServerResetTestExecutionListener, org.springframework.boot.test.autoconfigure.web.servlet.MockMvcPrintOnlyOnFailureTestExecutionListener, org.springframework.boot.test.autoconfigure.web.servlet.WebDriverTestExecutionListener, org.springframework.test.context.web.ServletTestExecutionListener, org.springframework.test.context.support.DirtiesContextBeforeModesTestExecutionListener, org.springframework.test.context.support.DependencyInjectionTestExecutionListener, org.springframework.test.context.support.DirtiesContextTestExecutionListener, org.springframework.test.context.transaction.TransactionalTestExecutionListener, org.springframework.test.context.jdbc.SqlScriptsTestExecutionListener, org.springframework.test.context.event.EventPublishingTestExecutionListener]
2020-05-23 00:26:42.168  INFO 22104 --- [main] .b.t.c.SpringBootTestContextBootstrapper : Using TestExecutionListeners: [org.springframework.test.context.web.ServletTestExecutionListener@2bc8caa7, org.springframework.test.context.support.DirtiesContextBeforeModesTestExecutionListener@582ea164, org.springframework.boot.test.mock.mockito.MockitoTestExecutionListener@2fccf49e, org.springframework.boot.test.autoconfigure.SpringBootDependencyInjectionTestExecutionListener@7abcc0da, org.springframework.test.context.support.DirtiesContextTestExecutionListener@174cb0d8, org.springframework.test.context.transaction.TransactionalTestExecutionListener@3ac406d4, org.springframework.test.context.jdbc.SqlScriptsTestExecutionListener@72646d16, org.springframework.test.context.event.EventPublishingTestExecutionListener@6ec2d990, org.springframework.boot.test.mock.mockito.ResetMocksTestExecutionListener@1cfa7ee0, org.springframework.boot.test.autoconfigure.restdocs.RestDocsTestExecutionListener@612290d, org.springframework.boot.test.autoconfigure.web.client.MockRestServiceServerResetTestExecutionListener@57cff804, org.springframework.boot.test.autoconfigure.web.servlet.MockMvcPrintOnlyOnFailureTestExecutionListener@2f39b534, org.springframework.boot.test.autoconfigure.web.servlet.WebDriverTestExecutionListener@60fbc34d]
2020-05-23 00:26:42.249  INFO 22104 --- [main] o.s.t.c.transaction.TransactionContext   : Began transaction (1) for test context [DefaultTestContext@7cbede2b testClass = TaskMapperTest, testInstance = com.small.missionboard.mapper.TaskMapperTest@1ef04613, testMethod = testTaskMapper@TaskMapperTest, testException = [null], mergedContextConfiguration = [WebMergedContextConfiguration@2d3d4a54 testClass = TaskMapperTest, locations = '{}', classes = '{class com.small.missionboard.MissionboardApplication}', contextInitializerClasses = '[]', activeProfiles = '{}', propertySourceLocations = '{}', propertySourceProperties = '{org.springframework.boot.test.context.SpringBootTestContextBootstrapper=true}', contextCustomizers = set[org.springframework.boot.test.context.filter.ExcludeFilterContextCustomizer@6f1de4c7, org.springframework.boot.test.json.DuplicateJsonObjectContextCustomizerFactory$DuplicateJsonObjectContextCustomizer@7cc0cdad, org.springframework.boot.test.mock.mockito.MockitoContextCustomizer@0, org.springframework.boot.test.web.client.TestRestTemplateContextCustomizer@397fbdb, org.springframework.boot.test.autoconfigure.properties.PropertyMappingContextCustomizer@0, org.springframework.boot.test.autoconfigure.web.servlet.WebDriverContextCustomizerFactory$Customizer@408d971b], resourceBasePath = 'src/main/webapp', contextLoader = 'org.springframework.boot.test.context.SpringBootContextLoader', parent = [null]], attributes = map['org.springframework.test.context.web.ServletTestExecutionListener.activateListener' -> true, 'org.springframework.test.context.web.ServletTestExecutionListener.populatedRequestContextHolder' -> true, 'org.springframework.test.context.web.ServletTestExecutionListener.resetRequestContextHolder' -> true]]; transaction manager [org.springframework.jdbc.datasource.DataSourceTransactionManager@215c6ec0]; rollback [true]
2020-05-23 00:26:42.859  INFO 22104 --- [main] o.s.t.c.transaction.TransactionContext   : Rolled back transaction for test: [DefaultTestContext@7cbede2b testClass = TaskMapperTest, testInstance = com.small.missionboard.mapper.TaskMapperTest@1ef04613, testMethod = testTaskMapper@TaskMapperTest, testException = [null], mergedContextConfiguration = [WebMergedContextConfiguration@2d3d4a54 testClass = TaskMapperTest, locations = '{}', classes = '{class com.small.missionboard.MissionboardApplication}', contextInitializerClasses = '[]', activeProfiles = '{}', propertySourceLocations = '{}', propertySourceProperties = '{org.springframework.boot.test.context.SpringBootTestContextBootstrapper=true}', contextCustomizers = set[org.springframework.boot.test.context.filter.ExcludeFilterContextCustomizer@6f1de4c7, org.springframework.boot.test.json.DuplicateJsonObjectContextCustomizerFactory$DuplicateJsonObjectContextCustomizer@7cc0cdad, org.springframework.boot.test.mock.mockito.MockitoContextCustomizer@0, org.springframework.boot.test.web.client.TestRestTemplateContextCustomizer@397fbdb, org.springframework.boot.test.autoconfigure.properties.PropertyMappingContextCustomizer@0, org.springframework.boot.test.autoconfigure.web.servlet.WebDriverContextCustomizerFactory$Customizer@408d971b], resourceBasePath = 'src/main/webapp', contextLoader = 'org.springframework.boot.test.context.SpringBootContextLoader', parent = [null]], attributes = map['org.springframework.test.context.web.ServletTestExecutionListener.activateListener' -> true, 'org.springframework.test.context.web.ServletTestExecutionListener.populatedRequestContextHolder' -> true, 'org.springframework.test.context.web.ServletTestExecutionListener.resetRequestContextHolder' -> true]]
2020-05-23 00:26:42.987  INFO 22104 --- [main] .b.t.c.SpringBootTestContextBootstrapper : Neither @ContextConfiguration nor @ContextHierarchy found for test class [com.small.missionboard.mapper.UserMapperTest], using SpringBootContextLoader
2020-05-23 00:26:42.988  INFO 22104 --- [main] o.s.t.c.support.AbstractContextLoader    : Could not detect default resource locations for test class [com.small.missionboard.mapper.UserMapperTest]: no resource found for suffixes {-context.xml, Context.groovy}.
2020-05-23 00:26:42.988  INFO 22104 --- [main] t.c.s.AnnotationConfigContextLoaderUtils : Could not detect default configuration classes for test class [com.small.missionboard.mapper.UserMapperTest]: UserMapperTest does not declare any static, non-private, non-final, nested classes annotated with @Configuration.
2020-05-23 00:26:42.989  INFO 22104 --- [main] .b.t.c.SpringBootTestContextBootstrapper : Found @SpringBootConfiguration com.small.missionboard.MissionboardApplication for test class com.small.missionboard.mapper.UserMapperTest
2020-05-23 00:26:42.991  INFO 22104 --- [main] .b.t.c.SpringBootTestContextBootstrapper : Loaded default TestExecutionListener class names from location [META-INF/spring.factories]: [org.springframework.boot.test.mock.mockito.MockitoTestExecutionListener, org.springframework.boot.test.mock.mockito.ResetMocksTestExecutionListener, org.springframework.boot.test.autoconfigure.restdocs.RestDocsTestExecutionListener, org.springframework.boot.test.autoconfigure.web.client.MockRestServiceServerResetTestExecutionListener, org.springframework.boot.test.autoconfigure.web.servlet.MockMvcPrintOnlyOnFailureTestExecutionListener, org.springframework.boot.test.autoconfigure.web.servlet.WebDriverTestExecutionListener, org.springframework.test.context.web.ServletTestExecutionListener, org.springframework.test.context.support.DirtiesContextBeforeModesTestExecutionListener, org.springframework.test.context.support.DependencyInjectionTestExecutionListener, org.springframework.test.context.support.DirtiesContextTestExecutionListener, org.springframework.test.context.transaction.TransactionalTestExecutionListener, org.springframework.test.context.jdbc.SqlScriptsTestExecutionListener, org.springframework.test.context.event.EventPublishingTestExecutionListener]
2020-05-23 00:26:42.991  INFO 22104 --- [main] .b.t.c.SpringBootTestContextBootstrapper : Using TestExecutionListeners: [org.springframework.test.context.web.ServletTestExecutionListener@3be50b2c, org.springframework.test.context.support.DirtiesContextBeforeModesTestExecutionListener@6be80629, org.springframework.boot.test.mock.mockito.MockitoTestExecutionListener@20a4cba7, org.springframework.boot.test.autoconfigure.SpringBootDependencyInjectionTestExecutionListener@10f10230, org.springframework.test.context.support.DirtiesContextTestExecutionListener@3dec769, org.springframework.test.context.transaction.TransactionalTestExecutionListener@282c5075, org.springframework.test.context.jdbc.SqlScriptsTestExecutionListener@2ed35f24, org.springframework.test.context.event.EventPublishingTestExecutionListener@362b384c, org.springframework.boot.test.mock.mockito.ResetMocksTestExecutionListener@433b546f, org.springframework.boot.test.autoconfigure.restdocs.RestDocsTestExecutionListener@9de1b85, org.springframework.boot.test.autoconfigure.web.client.MockRestServiceServerResetTestExecutionListener@3d405fe5, org.springframework.boot.test.autoconfigure.web.servlet.MockMvcPrintOnlyOnFailureTestExecutionListener@52c6e959, org.springframework.boot.test.autoconfigure.web.servlet.WebDriverTestExecutionListener@4b475742]
2020-05-23 00:26:43.094  INFO 22104 --- [main] o.s.t.c.transaction.TransactionContext   : Began transaction (1) for test context [DefaultTestContext@60ef30b1 testClass = UserMapperTest, testInstance = com.small.missionboard.mapper.UserMapperTest@3436d3d7, testMethod = selectById@UserMapperTest, testException = [null], mergedContextConfiguration = [WebMergedContextConfiguration@3f40568e testClass = UserMapperTest, locations = '{}', classes = '{class com.small.missionboard.MissionboardApplication}', contextInitializerClasses = '[]', activeProfiles = '{}', propertySourceLocations = '{}', propertySourceProperties = '{org.springframework.boot.test.context.SpringBootTestContextBootstrapper=true}', contextCustomizers = set[org.springframework.boot.test.context.filter.ExcludeFilterContextCustomizer@6f1de4c7, org.springframework.boot.test.json.DuplicateJsonObjectContextCustomizerFactory$DuplicateJsonObjectContextCustomizer@7cc0cdad, org.springframework.boot.test.mock.mockito.MockitoContextCustomizer@0, org.springframework.boot.test.web.client.TestRestTemplateContextCustomizer@397fbdb, org.springframework.boot.test.autoconfigure.properties.PropertyMappingContextCustomizer@0, org.springframework.boot.test.autoconfigure.web.servlet.WebDriverContextCustomizerFactory$Customizer@408d971b], resourceBasePath = 'src/main/webapp', contextLoader = 'org.springframework.boot.test.context.SpringBootContextLoader', parent = [null]], attributes = map['org.springframework.test.context.web.ServletTestExecutionListener.activateListener' -> true, 'org.springframework.test.context.web.ServletTestExecutionListener.populatedRequestContextHolder' -> true, 'org.springframework.test.context.web.ServletTestExecutionListener.resetRequestContextHolder' -> true]]; transaction manager [org.springframework.jdbc.datasource.DataSourceTransactionManager@215c6ec0]; rollback [true]
2020-05-23 00:26:43.278  INFO 22104 --- [main] o.s.t.c.transaction.TransactionContext   : Rolled back transaction for test: [DefaultTestContext@60ef30b1 testClass = UserMapperTest, testInstance = com.small.missionboard.mapper.UserMapperTest@3436d3d7, testMethod = selectById@UserMapperTest, testException = [null], mergedContextConfiguration = [WebMergedContextConfiguration@3f40568e testClass = UserMapperTest, locations = '{}', classes = '{class com.small.missionboard.MissionboardApplication}', contextInitializerClasses = '[]', activeProfiles = '{}', propertySourceLocations = '{}', propertySourceProperties = '{org.springframework.boot.test.context.SpringBootTestContextBootstrapper=true}', contextCustomizers = set[org.springframework.boot.test.context.filter.ExcludeFilterContextCustomizer@6f1de4c7, org.springframework.boot.test.json.DuplicateJsonObjectContextCustomizerFactory$DuplicateJsonObjectContextCustomizer@7cc0cdad, org.springframework.boot.test.mock.mockito.MockitoContextCustomizer@0, org.springframework.boot.test.web.client.TestRestTemplateContextCustomizer@397fbdb, org.springframework.boot.test.autoconfigure.properties.PropertyMappingContextCustomizer@0, org.springframework.boot.test.autoconfigure.web.servlet.WebDriverContextCustomizerFactory$Customizer@408d971b], resourceBasePath = 'src/main/webapp', contextLoader = 'org.springframework.boot.test.context.SpringBootContextLoader', parent = [null]], attributes = map['org.springframework.test.context.web.ServletTestExecutionListener.activateListener' -> true, 'org.springframework.test.context.web.ServletTestExecutionListener.populatedRequestContextHolder' -> true, 'org.springframework.test.context.web.ServletTestExecutionListener.resetRequestContextHolder' -> true]]
2020-05-23 00:26:43.314  INFO 22104 --- [main] o.s.t.c.transaction.TransactionContext   : Began transaction (1) for test context [DefaultTestContext@60ef30b1 testClass = UserMapperTest, testInstance = com.small.missionboard.mapper.UserMapperTest@2c4be45f, testMethod = selectAcceptedTasksCount@UserMapperTest, testException = [null], mergedContextConfiguration = [WebMergedContextConfiguration@3f40568e testClass = UserMapperTest, locations = '{}', classes = '{class com.small.missionboard.MissionboardApplication}', contextInitializerClasses = '[]', activeProfiles = '{}', propertySourceLocations = '{}', propertySourceProperties = '{org.springframework.boot.test.context.SpringBootTestContextBootstrapper=true}', contextCustomizers = set[org.springframework.boot.test.context.filter.ExcludeFilterContextCustomizer@6f1de4c7, org.springframework.boot.test.json.DuplicateJsonObjectContextCustomizerFactory$DuplicateJsonObjectContextCustomizer@7cc0cdad, org.springframework.boot.test.mock.mockito.MockitoContextCustomizer@0, org.springframework.boot.test.web.client.TestRestTemplateContextCustomizer@397fbdb, org.springframework.boot.test.autoconfigure.properties.PropertyMappingContextCustomizer@0, org.springframework.boot.test.autoconfigure.web.servlet.WebDriverContextCustomizerFactory$Customizer@408d971b], resourceBasePath = 'src/main/webapp', contextLoader = 'org.springframework.boot.test.context.SpringBootContextLoader', parent = [null]], attributes = map['org.springframework.test.context.web.ServletTestExecutionListener.activateListener' -> true, 'org.springframework.test.context.web.ServletTestExecutionListener.populatedRequestContextHolder' -> true, 'org.springframework.test.context.web.ServletTestExecutionListener.resetRequestContextHolder' -> true]]; transaction manager [org.springframework.jdbc.datasource.DataSourceTransactionManager@215c6ec0]; rollback [true]
2020-05-23 00:26:43.477  INFO 22104 --- [main] o.s.t.c.transaction.TransactionContext   : Rolled back transaction for test: [DefaultTestContext@60ef30b1 testClass = UserMapperTest, testInstance = com.small.missionboard.mapper.UserMapperTest@2c4be45f, testMethod = selectAcceptedTasksCount@UserMapperTest, testException = [null], mergedContextConfiguration = [WebMergedContextConfiguration@3f40568e testClass = UserMapperTest, locations = '{}', classes = '{class com.small.missionboard.MissionboardApplication}', contextInitializerClasses = '[]', activeProfiles = '{}', propertySourceLocations = '{}', propertySourceProperties = '{org.springframework.boot.test.context.SpringBootTestContextBootstrapper=true}', contextCustomizers = set[org.springframework.boot.test.context.filter.ExcludeFilterContextCustomizer@6f1de4c7, org.springframework.boot.test.json.DuplicateJsonObjectContextCustomizerFactory$DuplicateJsonObjectContextCustomizer@7cc0cdad, org.springframework.boot.test.mock.mockito.MockitoContextCustomizer@0, org.springframework.boot.test.web.client.TestRestTemplateContextCustomizer@397fbdb, org.springframework.boot.test.autoconfigure.properties.PropertyMappingContextCustomizer@0, org.springframework.boot.test.autoconfigure.web.servlet.WebDriverContextCustomizerFactory$Customizer@408d971b], resourceBasePath = 'src/main/webapp', contextLoader = 'org.springframework.boot.test.context.SpringBootContextLoader', parent = [null]], attributes = map['org.springframework.test.context.web.ServletTestExecutionListener.activateListener' -> true, 'org.springframework.test.context.web.ServletTestExecutionListener.populatedRequestContextHolder' -> true, 'org.springframework.test.context.web.ServletTestExecutionListener.resetRequestContextHolder' -> true]]
2020-05-23 00:26:43.523  INFO 22104 --- [main] o.s.t.c.transaction.TransactionContext   : Began transaction (1) for test context [DefaultTestContext@60ef30b1 testClass = UserMapperTest, testInstance = com.small.missionboard.mapper.UserMapperTest@3e63bd6b, testMethod = checkMybatisPlusEnable@UserMapperTest, testException = [null], mergedContextConfiguration = [WebMergedContextConfiguration@3f40568e testClass = UserMapperTest, locations = '{}', classes = '{class com.small.missionboard.MissionboardApplication}', contextInitializerClasses = '[]', activeProfiles = '{}', propertySourceLocations = '{}', propertySourceProperties = '{org.springframework.boot.test.context.SpringBootTestContextBootstrapper=true}', contextCustomizers = set[org.springframework.boot.test.context.filter.ExcludeFilterContextCustomizer@6f1de4c7, org.springframework.boot.test.json.DuplicateJsonObjectContextCustomizerFactory$DuplicateJsonObjectContextCustomizer@7cc0cdad, org.springframework.boot.test.mock.mockito.MockitoContextCustomizer@0, org.springframework.boot.test.web.client.TestRestTemplateContextCustomizer@397fbdb, org.springframework.boot.test.autoconfigure.properties.PropertyMappingContextCustomizer@0, org.springframework.boot.test.autoconfigure.web.servlet.WebDriverContextCustomizerFactory$Customizer@408d971b], resourceBasePath = 'src/main/webapp', contextLoader = 'org.springframework.boot.test.context.SpringBootContextLoader', parent = [null]], attributes = map['org.springframework.test.context.web.ServletTestExecutionListener.activateListener' -> true, 'org.springframework.test.context.web.ServletTestExecutionListener.populatedRequestContextHolder' -> true, 'org.springframework.test.context.web.ServletTestExecutionListener.resetRequestContextHolder' -> true]]; transaction manager [org.springframework.jdbc.datasource.DataSourceTransactionManager@215c6ec0]; rollback [true]
2020-05-23 00:26:43.702  INFO 22104 --- [main] o.s.t.c.transaction.TransactionContext   : Rolled back transaction for test: [DefaultTestContext@60ef30b1 testClass = UserMapperTest, testInstance = com.small.missionboard.mapper.UserMapperTest@3e63bd6b, testMethod = checkMybatisPlusEnable@UserMapperTest, testException = [null], mergedContextConfiguration = [WebMergedContextConfiguration@3f40568e testClass = UserMapperTest, locations = '{}', classes = '{class com.small.missionboard.MissionboardApplication}', contextInitializerClasses = '[]', activeProfiles = '{}', propertySourceLocations = '{}', propertySourceProperties = '{org.springframework.boot.test.context.SpringBootTestContextBootstrapper=true}', contextCustomizers = set[org.springframework.boot.test.context.filter.ExcludeFilterContextCustomizer@6f1de4c7, org.springframework.boot.test.json.DuplicateJsonObjectContextCustomizerFactory$DuplicateJsonObjectContextCustomizer@7cc0cdad, org.springframework.boot.test.mock.mockito.MockitoContextCustomizer@0, org.springframework.boot.test.web.client.TestRestTemplateContextCustomizer@397fbdb, org.springframework.boot.test.autoconfigure.properties.PropertyMappingContextCustomizer@0, org.springframework.boot.test.autoconfigure.web.servlet.WebDriverContextCustomizerFactory$Customizer@408d971b], resourceBasePath = 'src/main/webapp', contextLoader = 'org.springframework.boot.test.context.SpringBootContextLoader', parent = [null]], attributes = map['org.springframework.test.context.web.ServletTestExecutionListener.activateListener' -> true, 'org.springframework.test.context.web.ServletTestExecutionListener.populatedRequestContextHolder' -> true, 'org.springframework.test.context.web.ServletTestExecutionListener.resetRequestContextHolder' -> true]]
2020-05-23 00:26:43.704  INFO 22104 --- [main] .b.t.c.SpringBootTestContextBootstrapper : Neither @ContextConfiguration nor @ContextHierarchy found for test class [com.small.missionboard.MissionboardApplicationTests], using SpringBootContextLoader
2020-05-23 00:26:43.705  INFO 22104 --- [main] o.s.t.c.support.AbstractContextLoader    : Could not detect default resource locations for test class [com.small.missionboard.MissionboardApplicationTests]: no resource found for suffixes {-context.xml, Context.groovy}.
2020-05-23 00:26:43.705  INFO 22104 --- [main] t.c.s.AnnotationConfigContextLoaderUtils : Could not detect default configuration classes for test class [com.small.missionboard.MissionboardApplicationTests]: MissionboardApplicationTests does not declare any static, non-private, non-final, nested classes annotated with @Configuration.
2020-05-23 00:26:43.717  INFO 22104 --- [main] .b.t.c.SpringBootTestContextBootstrapper : Found @SpringBootConfiguration com.small.missionboard.MissionboardApplication for test class com.small.missionboard.MissionboardApplicationTests
2020-05-23 00:26:43.719  INFO 22104 --- [main] .b.t.c.SpringBootTestContextBootstrapper : Loaded default TestExecutionListener class names from location [META-INF/spring.factories]: [org.springframework.boot.test.mock.mockito.MockitoTestExecutionListener, org.springframework.boot.test.mock.mockito.ResetMocksTestExecutionListener, org.springframework.boot.test.autoconfigure.restdocs.RestDocsTestExecutionListener, org.springframework.boot.test.autoconfigure.web.client.MockRestServiceServerResetTestExecutionListener, org.springframework.boot.test.autoconfigure.web.servlet.MockMvcPrintOnlyOnFailureTestExecutionListener, org.springframework.boot.test.autoconfigure.web.servlet.WebDriverTestExecutionListener, org.springframework.test.context.web.ServletTestExecutionListener, org.springframework.test.context.support.DirtiesContextBeforeModesTestExecutionListener, org.springframework.test.context.support.DependencyInjectionTestExecutionListener, org.springframework.test.context.support.DirtiesContextTestExecutionListener, org.springframework.test.context.transaction.TransactionalTestExecutionListener, org.springframework.test.context.jdbc.SqlScriptsTestExecutionListener, org.springframework.test.context.event.EventPublishingTestExecutionListener]
2020-05-23 00:26:43.719  INFO 22104 --- [main] .b.t.c.SpringBootTestContextBootstrapper : Using TestExecutionListeners: [org.springframework.test.context.web.ServletTestExecutionListener@76d0a290, org.springframework.test.context.support.DirtiesContextBeforeModesTestExecutionListener@ea84346, org.springframework.boot.test.mock.mockito.MockitoTestExecutionListener@4e614370, org.springframework.boot.test.autoconfigure.SpringBootDependencyInjectionTestExecutionListener@1e1ea16d, org.springframework.test.context.support.DirtiesContextTestExecutionListener@6da9541c, org.springframework.test.context.transaction.TransactionalTestExecutionListener@2157889c, org.springframework.test.context.jdbc.SqlScriptsTestExecutionListener@65e92505, org.springframework.test.context.event.EventPublishingTestExecutionListener@e97f51c, org.springframework.boot.test.mock.mockito.ResetMocksTestExecutionListener@29394966, org.springframework.boot.test.autoconfigure.restdocs.RestDocsTestExecutionListener@343727b5, org.springframework.boot.test.autoconfigure.web.client.MockRestServiceServerResetTestExecutionListener@18dafd3b, org.springframework.boot.test.autoconfigure.web.servlet.MockMvcPrintOnlyOnFailureTestExecutionListener@2954c429, org.springframework.boot.test.autoconfigure.web.servlet.WebDriverTestExecutionListener@4a45ca1c]
2020-05-23 00:26:43.727  INFO 22104 --- [main] .b.t.c.SpringBootTestContextBootstrapper : Neither @ContextConfiguration nor @ContextHierarchy found for test class [com.small.missionboard.service.impl.TaskServiceImplTest], using SpringBootContextLoader
2020-05-23 00:26:43.729  INFO 22104 --- [main] o.s.t.c.support.AbstractContextLoader    : Could not detect default resource locations for test class [com.small.missionboard.service.impl.TaskServiceImplTest]: no resource found for suffixes {-context.xml, Context.groovy}.
2020-05-23 00:26:43.730  INFO 22104 --- [main] t.c.s.AnnotationConfigContextLoaderUtils : Could not detect default configuration classes for test class [com.small.missionboard.service.impl.TaskServiceImplTest]: TaskServiceImplTest does not declare any static, non-private, non-final, nested classes annotated with @Configuration.
2020-05-23 00:26:43.753  INFO 22104 --- [main] .b.t.c.SpringBootTestContextBootstrapper : Found @SpringBootConfiguration com.small.missionboard.MissionboardApplication for test class com.small.missionboard.service.impl.TaskServiceImplTest
2020-05-23 00:26:43.755  INFO 22104 --- [main] .b.t.c.SpringBootTestContextBootstrapper : Loaded default TestExecutionListener class names from location [META-INF/spring.factories]: [org.springframework.boot.test.mock.mockito.MockitoTestExecutionListener, org.springframework.boot.test.mock.mockito.ResetMocksTestExecutionListener, org.springframework.boot.test.autoconfigure.restdocs.RestDocsTestExecutionListener, org.springframework.boot.test.autoconfigure.web.client.MockRestServiceServerResetTestExecutionListener, org.springframework.boot.test.autoconfigure.web.servlet.MockMvcPrintOnlyOnFailureTestExecutionListener, org.springframework.boot.test.autoconfigure.web.servlet.WebDriverTestExecutionListener, org.springframework.test.context.web.ServletTestExecutionListener, org.springframework.test.context.support.DirtiesContextBeforeModesTestExecutionListener, org.springframework.test.context.support.DependencyInjectionTestExecutionListener, org.springframework.test.context.support.DirtiesContextTestExecutionListener, org.springframework.test.context.transaction.TransactionalTestExecutionListener, org.springframework.test.context.jdbc.SqlScriptsTestExecutionListener, org.springframework.test.context.event.EventPublishingTestExecutionListener]
2020-05-23 00:26:43.755  INFO 22104 --- [main] .b.t.c.SpringBootTestContextBootstrapper : Using TestExecutionListeners: [org.springframework.test.context.web.ServletTestExecutionListener@4742466e, org.springframework.test.context.support.DirtiesContextBeforeModesTestExecutionListener@83e5898, org.springframework.boot.test.mock.mockito.MockitoTestExecutionListener@7c4a03a, org.springframework.boot.test.autoconfigure.SpringBootDependencyInjectionTestExecutionListener@63b58ff4, org.springframework.test.context.support.DirtiesContextTestExecutionListener@3691d4da, org.springframework.test.context.transaction.TransactionalTestExecutionListener@4c91a008, org.springframework.test.context.jdbc.SqlScriptsTestExecutionListener@6ef61cd0, org.springframework.test.context.event.EventPublishingTestExecutionListener@2173e4d5, org.springframework.boot.test.mock.mockito.ResetMocksTestExecutionListener@197cc325, org.springframework.boot.test.autoconfigure.restdocs.RestDocsTestExecutionListener@582ca1e2, org.springframework.boot.test.autoconfigure.web.client.MockRestServiceServerResetTestExecutionListener@66226ab, org.springframework.boot.test.autoconfigure.web.servlet.MockMvcPrintOnlyOnFailureTestExecutionListener@38093ffe, org.springframework.boot.test.autoconfigure.web.servlet.WebDriverTestExecutionListener@4713b631]
2020-05-23 00:26:43.766  INFO 22104 --- [main] .b.t.c.SpringBootTestContextBootstrapper : Neither @ContextConfiguration nor @ContextHierarchy found for test class [com.small.missionboard.service.impl.UserInfoServiceImplTest], using SpringBootContextLoader
2020-05-23 00:26:43.768  INFO 22104 --- [main] o.s.t.c.support.AbstractContextLoader    : Could not detect default resource locations for test class [com.small.missionboard.service.impl.UserInfoServiceImplTest]: no resource found for suffixes {-context.xml, Context.groovy}.
2020-05-23 00:26:43.768  INFO 22104 --- [main] t.c.s.AnnotationConfigContextLoaderUtils : Could not detect default configuration classes for test class [com.small.missionboard.service.impl.UserInfoServiceImplTest]: UserInfoServiceImplTest does not declare any static, non-private, non-final, nested classes annotated with @Configuration.
2020-05-23 00:26:43.770  INFO 22104 --- [main] .b.t.c.SpringBootTestContextBootstrapper : Found @SpringBootConfiguration com.small.missionboard.MissionboardApplication for test class com.small.missionboard.service.impl.UserInfoServiceImplTest
2020-05-23 00:26:43.772  INFO 22104 --- [main] .b.t.c.SpringBootTestContextBootstrapper : Loaded default TestExecutionListener class names from location [META-INF/spring.factories]: [org.springframework.boot.test.mock.mockito.MockitoTestExecutionListener, org.springframework.boot.test.mock.mockito.ResetMocksTestExecutionListener, org.springframework.boot.test.autoconfigure.restdocs.RestDocsTestExecutionListener, org.springframework.boot.test.autoconfigure.web.client.MockRestServiceServerResetTestExecutionListener, org.springframework.boot.test.autoconfigure.web.servlet.MockMvcPrintOnlyOnFailureTestExecutionListener, org.springframework.boot.test.autoconfigure.web.servlet.WebDriverTestExecutionListener, org.springframework.test.context.web.ServletTestExecutionListener, org.springframework.test.context.support.DirtiesContextBeforeModesTestExecutionListener, org.springframework.test.context.support.DependencyInjectionTestExecutionListener, org.springframework.test.context.support.DirtiesContextTestExecutionListener, org.springframework.test.context.transaction.TransactionalTestExecutionListener, org.springframework.test.context.jdbc.SqlScriptsTestExecutionListener, org.springframework.test.context.event.EventPublishingTestExecutionListener]
2020-05-23 00:26:43.773  INFO 22104 --- [main] .b.t.c.SpringBootTestContextBootstrapper : Using TestExecutionListeners: [org.springframework.test.context.web.ServletTestExecutionListener@6d4d0a14, org.springframework.test.context.support.DirtiesContextBeforeModesTestExecutionListener@1cca3e8c, org.springframework.boot.test.mock.mockito.MockitoTestExecutionListener@46b2a11a, org.springframework.boot.test.autoconfigure.SpringBootDependencyInjectionTestExecutionListener@55c8fc60, org.springframework.test.context.support.DirtiesContextTestExecutionListener@50d05167, org.springframework.test.context.transaction.TransactionalTestExecutionListener@1da32baf, org.springframework.test.context.jdbc.SqlScriptsTestExecutionListener@4e4af370, org.springframework.test.context.event.EventPublishingTestExecutionListener@5cf33d25, org.springframework.boot.test.mock.mockito.ResetMocksTestExecutionListener@efa04b5, org.springframework.boot.test.autoconfigure.restdocs.RestDocsTestExecutionListener@a80a896, org.springframework.boot.test.autoconfigure.web.client.MockRestServiceServerResetTestExecutionListener@13c81bc5, org.springframework.boot.test.autoconfigure.web.servlet.MockMvcPrintOnlyOnFailureTestExecutionListener@5617168c, org.springframework.boot.test.autoconfigure.web.servlet.WebDriverTestExecutionListener@8167f57]
2020-05-23 00:26:43.833  INFO 22104 --- [main] o.s.t.c.transaction.TransactionContext   : Began transaction (1) for test context [DefaultTestContext@3ad558bf testClass = UserInfoServiceImplTest, testInstance = com.small.missionboard.service.impl.UserInfoServiceImplTest@1826475, testMethod = modifyFaculty@UserInfoServiceImplTest, testException = [null], mergedContextConfiguration = [WebMergedContextConfiguration@6ba355e4 testClass = UserInfoServiceImplTest, locations = '{}', classes = '{class com.small.missionboard.MissionboardApplication}', contextInitializerClasses = '[]', activeProfiles = '{}', propertySourceLocations = '{}', propertySourceProperties = '{org.springframework.boot.test.context.SpringBootTestContextBootstrapper=true}', contextCustomizers = set[org.springframework.boot.test.context.filter.ExcludeFilterContextCustomizer@6f1de4c7, org.springframework.boot.test.json.DuplicateJsonObjectContextCustomizerFactory$DuplicateJsonObjectContextCustomizer@7cc0cdad, org.springframework.boot.test.mock.mockito.MockitoContextCustomizer@0, org.springframework.boot.test.web.client.TestRestTemplateContextCustomizer@397fbdb, org.springframework.boot.test.autoconfigure.properties.PropertyMappingContextCustomizer@0, org.springframework.boot.test.autoconfigure.web.servlet.WebDriverContextCustomizerFactory$Customizer@408d971b], resourceBasePath = 'src/main/webapp', contextLoader = 'org.springframework.boot.test.context.SpringBootContextLoader', parent = [null]], attributes = map['org.springframework.test.context.web.ServletTestExecutionListener.activateListener' -> true, 'org.springframework.test.context.web.ServletTestExecutionListener.populatedRequestContextHolder' -> true, 'org.springframework.test.context.web.ServletTestExecutionListener.resetRequestContextHolder' -> true]]; transaction manager [org.springframework.jdbc.datasource.DataSourceTransactionManager@215c6ec0]; rollback [true]
2020-05-23 00:26:44.068  INFO 22104 --- [main] o.s.t.c.transaction.TransactionContext   : Rolled back transaction for test: [DefaultTestContext@3ad558bf testClass = UserInfoServiceImplTest, testInstance = com.small.missionboard.service.impl.UserInfoServiceImplTest@1826475, testMethod = modifyFaculty@UserInfoServiceImplTest, testException = [null], mergedContextConfiguration = [WebMergedContextConfiguration@6ba355e4 testClass = UserInfoServiceImplTest, locations = '{}', classes = '{class com.small.missionboard.MissionboardApplication}', contextInitializerClasses = '[]', activeProfiles = '{}', propertySourceLocations = '{}', propertySourceProperties = '{org.springframework.boot.test.context.SpringBootTestContextBootstrapper=true}', contextCustomizers = set[org.springframework.boot.test.context.filter.ExcludeFilterContextCustomizer@6f1de4c7, org.springframework.boot.test.json.DuplicateJsonObjectContextCustomizerFactory$DuplicateJsonObjectContextCustomizer@7cc0cdad, org.springframework.boot.test.mock.mockito.MockitoContextCustomizer@0, org.springframework.boot.test.web.client.TestRestTemplateContextCustomizer@397fbdb, org.springframework.boot.test.autoconfigure.properties.PropertyMappingContextCustomizer@0, org.springframework.boot.test.autoconfigure.web.servlet.WebDriverContextCustomizerFactory$Customizer@408d971b], resourceBasePath = 'src/main/webapp', contextLoader = 'org.springframework.boot.test.context.SpringBootContextLoader', parent = [null]], attributes = map['org.springframework.test.context.web.ServletTestExecutionListener.activateListener' -> true, 'org.springframework.test.context.web.ServletTestExecutionListener.populatedRequestContextHolder' -> true, 'org.springframework.test.context.web.ServletTestExecutionListener.resetRequestContextHolder' -> true]]
2020-05-23 00:26:44.114  INFO 22104 --- [main] .b.t.c.SpringBootTestContextBootstrapper : Neither @ContextConfiguration nor @ContextHierarchy found for test class [com.small.missionboard.service.impl.UserServiceImplTest], using SpringBootContextLoader
2020-05-23 00:26:44.115  INFO 22104 --- [main] o.s.t.c.support.AbstractContextLoader    : Could not detect default resource locations for test class [com.small.missionboard.service.impl.UserServiceImplTest]: no resource found for suffixes {-context.xml, Context.groovy}.
2020-05-23 00:26:44.115  INFO 22104 --- [main] t.c.s.AnnotationConfigContextLoaderUtils : Could not detect default configuration classes for test class [com.small.missionboard.service.impl.UserServiceImplTest]: UserServiceImplTest does not declare any static, non-private, non-final, nested classes annotated with @Configuration.
2020-05-23 00:26:44.117  INFO 22104 --- [main] .b.t.c.SpringBootTestContextBootstrapper : Found @SpringBootConfiguration com.small.missionboard.MissionboardApplication for test class com.small.missionboard.service.impl.UserServiceImplTest
2020-05-23 00:26:44.118  INFO 22104 --- [main] .b.t.c.SpringBootTestContextBootstrapper : Loaded default TestExecutionListener class names from location [META-INF/spring.factories]: [org.springframework.boot.test.mock.mockito.MockitoTestExecutionListener, org.springframework.boot.test.mock.mockito.ResetMocksTestExecutionListener, org.springframework.boot.test.autoconfigure.restdocs.RestDocsTestExecutionListener, org.springframework.boot.test.autoconfigure.web.client.MockRestServiceServerResetTestExecutionListener, org.springframework.boot.test.autoconfigure.web.servlet.MockMvcPrintOnlyOnFailureTestExecutionListener, org.springframework.boot.test.autoconfigure.web.servlet.WebDriverTestExecutionListener, org.springframework.test.context.web.ServletTestExecutionListener, org.springframework.test.context.support.DirtiesContextBeforeModesTestExecutionListener, org.springframework.test.context.support.DependencyInjectionTestExecutionListener, org.springframework.test.context.support.DirtiesContextTestExecutionListener, org.springframework.test.context.transaction.TransactionalTestExecutionListener, org.springframework.test.context.jdbc.SqlScriptsTestExecutionListener, org.springframework.test.context.event.EventPublishingTestExecutionListener]
2020-05-23 00:26:44.118  INFO 22104 --- [main] .b.t.c.SpringBootTestContextBootstrapper : Using TestExecutionListeners: [org.springframework.test.context.web.ServletTestExecutionListener@76134251, org.springframework.test.context.support.DirtiesContextBeforeModesTestExecutionListener@4177d422, org.springframework.boot.test.mock.mockito.MockitoTestExecutionListener@7bde704a, org.springframework.boot.test.autoconfigure.SpringBootDependencyInjectionTestExecutionListener@12f3fcd, org.springframework.test.context.support.DirtiesContextTestExecutionListener@6dc2e473, org.springframework.test.context.transaction.TransactionalTestExecutionListener@12ebfb2d, org.springframework.test.context.jdbc.SqlScriptsTestExecutionListener@1abf951a, org.springframework.test.context.event.EventPublishingTestExecutionListener@629600d7, org.springframework.boot.test.mock.mockito.ResetMocksTestExecutionListener@180d918a, org.springframework.boot.test.autoconfigure.restdocs.RestDocsTestExecutionListener@55f23335, org.springframework.boot.test.autoconfigure.web.client.MockRestServiceServerResetTestExecutionListener@33837bd4, org.springframework.boot.test.autoconfigure.web.servlet.MockMvcPrintOnlyOnFailureTestExecutionListener@61c145cb, org.springframework.boot.test.autoconfigure.web.servlet.WebDriverTestExecutionListener@153409b8]
2020-05-23 00:26:45.489  INFO 22104 --- [main] .b.t.c.SpringBootTestContextBootstrapper : Neither @ContextConfiguration nor @ContextHierarchy found for test class [com.small.missionboard.util.RedisUtilsTest], using SpringBootContextLoader
2020-05-23 00:26:45.490  INFO 22104 --- [main] o.s.t.c.support.AbstractContextLoader    : Could not detect default resource locations for test class [com.small.missionboard.util.RedisUtilsTest]: no resource found for suffixes {-context.xml, Context.groovy}.
2020-05-23 00:26:45.491  INFO 22104 --- [main] t.c.s.AnnotationConfigContextLoaderUtils : Could not detect default configuration classes for test class [com.small.missionboard.util.RedisUtilsTest]: RedisUtilsTest does not declare any static, non-private, non-final, nested classes annotated with @Configuration.
2020-05-23 00:26:45.509  INFO 22104 --- [main] .b.t.c.SpringBootTestContextBootstrapper : Found @SpringBootConfiguration com.small.missionboard.MissionboardApplication for test class com.small.missionboard.util.RedisUtilsTest
2020-05-23 00:26:45.512  INFO 22104 --- [main] .b.t.c.SpringBootTestContextBootstrapper : Loaded default TestExecutionListener class names from location [META-INF/spring.factories]: [org.springframework.boot.test.mock.mockito.MockitoTestExecutionListener, org.springframework.boot.test.mock.mockito.ResetMocksTestExecutionListener, org.springframework.boot.test.autoconfigure.restdocs.RestDocsTestExecutionListener, org.springframework.boot.test.autoconfigure.web.client.MockRestServiceServerResetTestExecutionListener, org.springframework.boot.test.autoconfigure.web.servlet.MockMvcPrintOnlyOnFailureTestExecutionListener, org.springframework.boot.test.autoconfigure.web.servlet.WebDriverTestExecutionListener, org.springframework.test.context.web.ServletTestExecutionListener, org.springframework.test.context.support.DirtiesContextBeforeModesTestExecutionListener, org.springframework.test.context.support.DependencyInjectionTestExecutionListener, org.springframework.test.context.support.DirtiesContextTestExecutionListener, org.springframework.test.context.transaction.TransactionalTestExecutionListener, org.springframework.test.context.jdbc.SqlScriptsTestExecutionListener, org.springframework.test.context.event.EventPublishingTestExecutionListener]
2020-05-23 00:26:45.512  INFO 22104 --- [main] .b.t.c.SpringBootTestContextBootstrapper : Using TestExecutionListeners: [org.springframework.test.context.web.ServletTestExecutionListener@7d4bdbd8, org.springframework.test.context.support.DirtiesContextBeforeModesTestExecutionListener@2e847e71, org.springframework.boot.test.mock.mockito.MockitoTestExecutionListener@79636080, org.springframework.boot.test.autoconfigure.SpringBootDependencyInjectionTestExecutionListener@6d87253e, org.springframework.test.context.support.DirtiesContextTestExecutionListener@4e31b64d, org.springframework.test.context.transaction.TransactionalTestExecutionListener@434b2e0c, org.springframework.test.context.jdbc.SqlScriptsTestExecutionListener@214e3185, org.springframework.test.context.event.EventPublishingTestExecutionListener@75345e47, org.springframework.boot.test.mock.mockito.ResetMocksTestExecutionListener@36f40d72, org.springframework.boot.test.autoconfigure.restdocs.RestDocsTestExecutionListener@2c557eee, org.springframework.boot.test.autoconfigure.web.client.MockRestServiceServerResetTestExecutionListener@7c47b0f8, org.springframework.boot.test.autoconfigure.web.servlet.MockMvcPrintOnlyOnFailureTestExecutionListener@2b561f51, org.springframework.boot.test.autoconfigure.web.servlet.WebDriverTestExecutionListener@3d5f08d4]
2020-05-23 00:26:45.530  INFO 22104 --- [main] .b.t.c.SpringBootTestContextBootstrapper : Neither @ContextConfiguration nor @ContextHierarchy found for test class [com.small.missionboard.util.StatusBuilderTest], using SpringBootContextLoader
2020-05-23 00:26:45.531  INFO 22104 --- [main] o.s.t.c.support.AbstractContextLoader    : Could not detect default resource locations for test class [com.small.missionboard.util.StatusBuilderTest]: no resource found for suffixes {-context.xml, Context.groovy}.
2020-05-23 00:26:45.532  INFO 22104 --- [main] t.c.s.AnnotationConfigContextLoaderUtils : Could not detect default configuration classes for test class [com.small.missionboard.util.StatusBuilderTest]: StatusBuilderTest does not declare any static, non-private, non-final, nested classes annotated with @Configuration.
2020-05-23 00:26:45.534  INFO 22104 --- [main] .b.t.c.SpringBootTestContextBootstrapper : Found @SpringBootConfiguration com.small.missionboard.MissionboardApplication for test class com.small.missionboard.util.StatusBuilderTest
2020-05-23 00:26:45.536  INFO 22104 --- [main] .b.t.c.SpringBootTestContextBootstrapper : Loaded default TestExecutionListener class names from location [META-INF/spring.factories]: [org.springframework.boot.test.mock.mockito.MockitoTestExecutionListener, org.springframework.boot.test.mock.mockito.ResetMocksTestExecutionListener, org.springframework.boot.test.autoconfigure.restdocs.RestDocsTestExecutionListener, org.springframework.boot.test.autoconfigure.web.client.MockRestServiceServerResetTestExecutionListener, org.springframework.boot.test.autoconfigure.web.servlet.MockMvcPrintOnlyOnFailureTestExecutionListener, org.springframework.boot.test.autoconfigure.web.servlet.WebDriverTestExecutionListener, org.springframework.test.context.web.ServletTestExecutionListener, org.springframework.test.context.support.DirtiesContextBeforeModesTestExecutionListener, org.springframework.test.context.support.DependencyInjectionTestExecutionListener, org.springframework.test.context.support.DirtiesContextTestExecutionListener, org.springframework.test.context.transaction.TransactionalTestExecutionListener, org.springframework.test.context.jdbc.SqlScriptsTestExecutionListener, org.springframework.test.context.event.EventPublishingTestExecutionListener]
2020-05-23 00:26:45.536  INFO 22104 --- [main] .b.t.c.SpringBootTestContextBootstrapper : Using TestExecutionListeners: [org.springframework.test.context.web.ServletTestExecutionListener@3afaa39f, org.springframework.test.context.support.DirtiesContextBeforeModesTestExecutionListener@7b7b1448, org.springframework.boot.test.mock.mockito.MockitoTestExecutionListener@60cc20e1, org.springframework.boot.test.autoconfigure.SpringBootDependencyInjectionTestExecutionListener@25109d84, org.springframework.test.context.support.DirtiesContextTestExecutionListener@4a1934e2, org.springframework.test.context.transaction.TransactionalTestExecutionListener@6963b0bd, org.springframework.test.context.jdbc.SqlScriptsTestExecutionListener@68a94e58, org.springframework.test.context.event.EventPublishingTestExecutionListener@49741274, org.springframework.boot.test.mock.mockito.ResetMocksTestExecutionListener@4a49919c, org.springframework.boot.test.autoconfigure.restdocs.RestDocsTestExecutionListener@3e5b2630, org.springframework.boot.test.autoconfigure.web.client.MockRestServiceServerResetTestExecutionListener@1c22642d, org.springframework.boot.test.autoconfigure.web.servlet.MockMvcPrintOnlyOnFailureTestExecutionListener@75ac326f, org.springframework.boot.test.autoconfigure.web.servlet.WebDriverTestExecutionListener@736f8837]
2020-05-23 00:26:45.571  INFO 22104 --- [SpringContextShutdownHook] org.quartz.core.QuartzScheduler          : Scheduler quartzScheduler_$_NON_CLUSTERED paused.
2020-05-23 00:26:45.571  INFO 22104 --- [SpringContextShutdownHook] org.quartz.core.QuartzScheduler          : Scheduler quartzScheduler_$_NON_CLUSTERED paused.
2020-05-23 00:26:45.575  INFO 22104 --- [SpringContextShutdownHook] o.s.s.quartz.SchedulerFactoryBean        : Shutting down Quartz Scheduler
2020-05-23 00:26:45.575  INFO 22104 --- [SpringContextShutdownHook] o.s.s.quartz.SchedulerFactoryBean        : Shutting down Quartz Scheduler
2020-05-23 00:26:45.575  INFO 22104 --- [SpringContextShutdownHook] org.quartz.core.QuartzScheduler          : Scheduler quartzScheduler_$_NON_CLUSTERED shutting down.
2020-05-23 00:26:45.575  INFO 22104 --- [SpringContextShutdownHook] org.quartz.core.QuartzScheduler          : Scheduler quartzScheduler_$_NON_CLUSTERED shutting down.
2020-05-23 00:26:45.575  INFO 22104 --- [SpringContextShutdownHook] org.quartz.core.QuartzScheduler          : Scheduler quartzScheduler_$_NON_CLUSTERED paused.
2020-05-23 00:26:45.575  INFO 22104 --- [SpringContextShutdownHook] org.quartz.core.QuartzScheduler          : Scheduler quartzScheduler_$_NON_CLUSTERED paused.
2020-05-23 00:26:45.576  INFO 22104 --- [SpringContextShutdownHook] org.quartz.core.QuartzScheduler          : Scheduler quartzScheduler_$_NON_CLUSTERED shutdown complete.
2020-05-23 00:26:45.576  INFO 22104 --- [SpringContextShutdownHook] org.quartz.core.QuartzScheduler          : Scheduler quartzScheduler_$_NON_CLUSTERED shutdown complete.
2020-05-23 00:26:45.579  INFO 22104 --- [SpringContextShutdownHook] o.s.s.concurrent.ThreadPoolTaskExecutor  : Shutting down ExecutorService 'applicationTaskExecutor'
2020-05-23 00:26:45.579  INFO 22104 --- [SpringContextShutdownHook] o.s.s.concurrent.ThreadPoolTaskExecutor  : Shutting down ExecutorService 'applicationTaskExecutor'
2020-05-23 00:26:45.582  INFO 22104 --- [SpringContextShutdownHook] com.zaxxer.hikari.HikariDataSource       : HikariPool-1 - Shutdown initiated...
2020-05-23 00:26:45.597  INFO 22104 --- [SpringContextShutdownHook] com.zaxxer.hikari.HikariDataSource       : HikariPool-1 - Shutdown completed.
